Change Component Footprint: Designator=B1 Old Footprint=MTG320_800 New Footprint=MTG320
Change Component Footprint: Designator=B2 Old Footprint=MTG320_800 New Footprint=MTG320
Change Component Footprint: Designator=B3 Old Footprint=MTG320_800 New Footprint=MTG320
Change Component Footprint: Designator=B4 Old Footprint=MTG320_800 New Footprint=MTG320
Change Component Comment : Designator=B1 Old Comment=Plated Hole New Comment=Non Plated Hole
Change Component Comment : Designator=B2 Old Comment=Plated Hole New Comment=Non Plated Hole
Change Component Comment : Designator=B3 Old Comment=Plated Hole New Comment=Non Plated Hole
Change Component Comment : Designator=B4 Old Comment=Plated Hole New Comment=Non Plated Hole
Change component parameters: Designator = "B1"; Footprint = "MTG320"; UniqueID = "\GNUEMRYF"
Change component parameters. Clean all parameters for all variants
Change component parameters (AddParameter): Name = "Author"; Value = "CERN DEM JLC"; VariantName = "[No Variations]"
Change component parameters (AddParameter): Name = "ComponentHeight"; Value = "0mm"; VariantName = "[No Variations]"
Change component parameters (AddParameter): Name = "Component Type"; Value = "Standard (No BOM)"; VariantName = "[No Variations]"
Change component parameters (AddParameter): Name = "CreateDate"; Value = "26/05/2008"; VariantName = "[No Variations]"
Change component parameters (AddParameter): Name = "Family"; Value = "Non Plated Hole"; VariantName = "[No Variations]"
Change component parameters (AddParameter): Name = "HelpURL"; Value = "Undefined"; VariantName = "[No Variations]"
Change component parameters (AddParameter): Name = "LatestRevisionDate"; Value = "26/05/2008"; VariantName = "[No Variations]"
Change component parameters (AddParameter): Name = "Mounted"; Value = "No"; VariantName = "[No Variations]"
Change component parameters (AddParameter): Name = "PackageDescription"; Value = "Non Plated Through Hole: Hole Dia.=3.2mm"; VariantName = "[No Variations]"
Change component parameters (AddParameter): Name = "Part Description"; Value = "Non Plated Through Hole: Hole Dia.=3.2mm"; VariantName = "[No Variations]"
Change component parameters (AddParameter): Name = "Part Number"; Value = "NON-PLATED_HOLE3.2"; VariantName = "[No Variations]"
Change component parameters (AddParameter): Name = "Pin Count"; Value = "1"; VariantName = "[No Variations]"
Change component parameters (AddParameter): Name = "Sense"; Value = "No"; VariantName = "[No Variations]"
Change component parameters (AddParameter): Name = "SMD"; Value = "No"; VariantName = "[No Variations]"
Change component parameters (AddParameter): Name = "Socket"; Value = "No"; VariantName = "[No Variations]"
Change component parameters (AddParameter): Name = "Status"; Value = "None"; VariantName = "[No Variations]"
Change component parameters: Designator = "B2"; Footprint = "MTG320"; UniqueID = "\GWYEDIEG"
Change component parameters. Clean all parameters for all variants
Change component parameters (AddParameter): Name = "Author"; Value = "CERN DEM JLC"; VariantName = "[No Variations]"
Change component parameters (AddParameter): Name = "ComponentHeight"; Value = "0mm"; VariantName = "[No Variations]"
Change component parameters (AddParameter): Name = "Component Type"; Value = "Standard (No BOM)"; VariantName = "[No Variations]"
Change component parameters (AddParameter): Name = "CreateDate"; Value = "26/05/2008"; VariantName = "[No Variations]"
Change component parameters (AddParameter): Name = "Family"; Value = "Non Plated Hole"; VariantName = "[No Variations]"
Change component parameters (AddParameter): Name = "HelpURL"; Value = "Undefined"; VariantName = "[No Variations]"
Change component parameters (AddParameter): Name = "LatestRevisionDate"; Value = "26/05/2008"; VariantName = "[No Variations]"
Change component parameters (AddParameter): Name = "Mounted"; Value = "No"; VariantName = "[No Variations]"
Change component parameters (AddParameter): Name = "PackageDescription"; Value = "Non Plated Through Hole: Hole Dia.=3.2mm"; VariantName = "[No Variations]"
Change component parameters (AddParameter): Name = "Part Description"; Value = "Non Plated Through Hole: Hole Dia.=3.2mm"; VariantName = "[No Variations]"
Change component parameters (AddParameter): Name = "Part Number"; Value = "NON-PLATED_HOLE3.2"; VariantName = "[No Variations]"
Change component parameters (AddParameter): Name = "Pin Count"; Value = "1"; VariantName = "[No Variations]"
Change component parameters (AddParameter): Name = "Sense"; Value = "No"; VariantName = "[No Variations]"
Change component parameters (AddParameter): Name = "SMD"; Value = "No"; VariantName = "[No Variations]"
Change component parameters (AddParameter): Name = "Socket"; Value = "No"; VariantName = "[No Variations]"
Change component parameters (AddParameter): Name = "Status"; Value = "None"; VariantName = "[No Variations]"
Change component parameters: Designator = "B3"; Footprint = "MTG320"; UniqueID = "\KFVEDHVS"
Change component parameters. Clean all parameters for all variants
Change component parameters (AddParameter): Name = "Author"; Value = "CERN DEM JLC"; VariantName = "[No Variations]"
Change component parameters (AddParameter): Name = "ComponentHeight"; Value = "0mm"; VariantName = "[No Variations]"
Change component parameters (AddParameter): Name = "Component Type"; Value = "Standard (No BOM)"; VariantName = "[No Variations]"
Change component parameters (AddParameter): Name = "CreateDate"; Value = "26/05/2008"; VariantName = "[No Variations]"
Change component parameters (AddParameter): Name = "Family"; Value = "Non Plated Hole"; VariantName = "[No Variations]"
Change component parameters (AddParameter): Name = "HelpURL"; Value = "Undefined"; VariantName = "[No Variations]"
Change component parameters (AddParameter): Name = "LatestRevisionDate"; Value = "26/05/2008"; VariantName = "[No Variations]"
Change component parameters (AddParameter): Name = "Mounted"; Value = "No"; VariantName = "[No Variations]"
Change component parameters (AddParameter): Name = "PackageDescription"; Value = "Non Plated Through Hole: Hole Dia.=3.2mm"; VariantName = "[No Variations]"
Change component parameters (AddParameter): Name = "Part Description"; Value = "Non Plated Through Hole: Hole Dia.=3.2mm"; VariantName = "[No Variations]"
Change component parameters (AddParameter): Name = "Part Number"; Value = "NON-PLATED_HOLE3.2"; VariantName = "[No Variations]"
Change component parameters (AddParameter): Name = "Pin Count"; Value = "1"; VariantName = "[No Variations]"
Change component parameters (AddParameter): Name = "Sense"; Value = "No"; VariantName = "[No Variations]"
Change component parameters (AddParameter): Name = "SMD"; Value = "No"; VariantName = "[No Variations]"
Change component parameters (AddParameter): Name = "Socket"; Value = "No"; VariantName = "[No Variations]"
Change component parameters (AddParameter): Name = "Status"; Value = "None"; VariantName = "[No Variations]"
Change component parameters: Designator = "B4"; Footprint = "MTG320"; UniqueID = "\DCGRJBQB"
Change component parameters. Clean all parameters for all variants
Change component parameters (AddParameter): Name = "Author"; Value = "CERN DEM JLC"; VariantName = "[No Variations]"
Change component parameters (AddParameter): Name = "ComponentHeight"; Value = "0mm"; VariantName = "[No Variations]"
Change component parameters (AddParameter): Name = "Component Type"; Value = "Standard (No BOM)"; VariantName = "[No Variations]"
Change component parameters (AddParameter): Name = "CreateDate"; Value = "26/05/2008"; VariantName = "[No Variations]"
Change component parameters (AddParameter): Name = "Family"; Value = "Non Plated Hole"; VariantName = "[No Variations]"
Change component parameters (AddParameter): Name = "HelpURL"; Value = "Undefined"; VariantName = "[No Variations]"
Change component parameters (AddParameter): Name = "LatestRevisionDate"; Value = "26/05/2008"; VariantName = "[No Variations]"
Change component parameters (AddParameter): Name = "Mounted"; Value = "No"; VariantName = "[No Variations]"
Change component parameters (AddParameter): Name = "PackageDescription"; Value = "Non Plated Through Hole: Hole Dia.=3.2mm"; VariantName = "[No Variations]"
Change component parameters (AddParameter): Name = "Part Description"; Value = "Non Plated Through Hole: Hole Dia.=3.2mm"; VariantName = "[No Variations]"
Change component parameters (AddParameter): Name = "Part Number"; Value = "NON-PLATED_HOLE3.2"; VariantName = "[No Variations]"
Change component parameters (AddParameter): Name = "Pin Count"; Value = "1"; VariantName = "[No Variations]"
Change component parameters (AddParameter): Name = "Sense"; Value = "No"; VariantName = "[No Variations]"
Change component parameters (AddParameter): Name = "SMD"; Value = "No"; VariantName = "[No Variations]"
Change component parameters (AddParameter): Name = "Socket"; Value = "No"; VariantName = "[No Variations]"
Change component parameters (AddParameter): Name = "Status"; Value = "None"; VariantName = "[No Variations]"
