Change Component Footprint: Designator=J2 Old Footprint=TYCO_1-770166-0 New Footprint=TYCO_1-770170-1
Change component parameters: Designator = "J2"; Footprint = "TYCO_1-770170-1"; UniqueID = "\IMTGWLED"
Change component parameters. Clean all parameters for all variants
Change component parameters (AddParameter): Name = "Author"; Value = "CERN DEM JLC"; VariantName = "[No Variations]"
Change component parameters (AddParameter): Name = "ComponentHeight"; Value = "14.25mm"; VariantName = "[No Variations]"
Change component parameters (AddParameter): Name = "Component Type"; Value = "Standard"; VariantName = "[No Variations]"
Change component parameters (AddParameter): Name = "CreateDate"; Value = "26/05/2011"; VariantName = "[No Variations]"
Change component parameters (AddParameter): Name = "Family"; Value = "MATE-N-LOK"; VariantName = "[No Variations]"
Change component parameters (AddParameter): Name = "HelpURL"; Value = "\\cern.ch\dfs\Applications\Altium\Datasheets\TYCO_1-770170-1.pdf"; VariantName = "[No Variations]"
Change component parameters (AddParameter): Name = "LatestRevisionDate"; Value = "26/05/2011"; VariantName = "[No Variations]"
Change component parameters (AddParameter): Name = "Manufacturer"; Value = "TYCO ELECTRONICS"; VariantName = "[No Variations]"
Change component parameters (AddParameter): Name = "Manufacturer Part Number"; Value = "1-770170-1"; VariantName = "[No Variations]"
Change component parameters (AddParameter): Name = "Mounted"; Value = "Yes"; VariantName = "[No Variations]"
Change component parameters (AddParameter): Name = "Part Description"; Value = "3 Circuits In-Line, Mini-Universal MATE-N-LOK Connector"; VariantName = "[No Variations]"
Change component parameters (AddParameter): Name = "Part Number"; Value = "TYCO_1-770170-1"; VariantName = "[No Variations]"
Change component parameters (AddParameter): Name = "Pin Count"; Value = "3"; VariantName = "[No Variations]"
Change component parameters (AddParameter): Name = "PressFit"; Value = "No"; VariantName = "[No Variations]"
Change component parameters (AddParameter): Name = "Sense"; Value = "No"; VariantName = "[No Variations]"
Change component parameters (AddParameter): Name = "SMD"; Value = "No"; VariantName = "[No Variations]"
Change component parameters (AddParameter): Name = "Socket"; Value = "No"; VariantName = "[No Variations]"
Change component parameters (AddParameter): Name = "Status"; Value = "None"; VariantName = "[No Variations]"
Added Pin To Net: NetName=PGND Pin=J2-2
Added Pin To Net: NetName=NetJ2_3 Pin=J2-3
Added Pin To Net: NetName=NetJ2_3 Pin=TR1-4
Added Net: Name=NetJ2_3
Added Member To Class: ClassName=Sheet1 Member=Component J2 MATE-N-LOK
