Change Component Footprint: Designator=B1 Old Footprint=MTG320_550 New Footprint=MTG240_400
Change Component Footprint: Designator=B2 Old Footprint=MTG320_550 New Footprint=MTG240_400
Change Component Footprint: Designator=B3 Old Footprint=MTG320_550 New Footprint=MTG240_400
Change Component Footprint: Designator=B4 Old Footprint=MTG320_550 New Footprint=MTG240_400
Change component parameters: Designator = "B1"; Footprint = "MTG240_400"; UniqueID = "\DJIQPHEI"
Change component parameters. Clean all parameters for all variants
Change component parameters (AddParameter): Name = "Author"; Value = "CERN DEM JMW"; VariantName = "[No Variations]"
Change component parameters (AddParameter): Name = "ComponentHeight"; Value = "0mm"; VariantName = "[No Variations]"
Change component parameters (AddParameter): Name = "Component Type"; Value = "Standard (No BOM)"; VariantName = "[No Variations]"
Change component parameters (AddParameter): Name = "CreateDate"; Value = "10/10/2011"; VariantName = "[No Variations]"
Change component parameters (AddParameter): Name = "Family"; Value = "Plated Hole"; VariantName = "[No Variations]"
Change component parameters (AddParameter): Name = "HelpURL"; Value = "Undefined"; VariantName = "[No Variations]"
Change component parameters (AddParameter): Name = "LatestRevisionDate"; Value = "10/10/2011"; VariantName = "[No Variations]"
Change component parameters (AddParameter): Name = "Mounted"; Value = "No"; VariantName = "[No Variations]"
Change component parameters (AddParameter): Name = "PackageDescription"; Value = "Plated Through Hole: Hole Dia.=2.4mm Pad Dia.=4.0mm"; VariantName = "[No Variations]"
Change component parameters (AddParameter): Name = "Part Description"; Value = "Plated Through Hole: Hole Dia.=2.4mm Pad Dia.=4.0mm"; VariantName = "[No Variations]"
Change component parameters (AddParameter): Name = "Part Number"; Value = "PLATED_HOLE2.4_PAD4.0"; VariantName = "[No Variations]"
Change component parameters (AddParameter): Name = "Pin Count"; Value = "1"; VariantName = "[No Variations]"
Change component parameters (AddParameter): Name = "Sense"; Value = "No"; VariantName = "[No Variations]"
Change component parameters (AddParameter): Name = "SMD"; Value = "No"; VariantName = "[No Variations]"
Change component parameters (AddParameter): Name = "Socket"; Value = "No"; VariantName = "[No Variations]"
Change component parameters (AddParameter): Name = "Status"; Value = "None"; VariantName = "[No Variations]"
Change component parameters: Designator = "B2"; Footprint = "MTG240_400"; UniqueID = "\DWXVEFWQ"
Change component parameters. Clean all parameters for all variants
Change component parameters (AddParameter): Name = "Author"; Value = "CERN DEM JMW"; VariantName = "[No Variations]"
Change component parameters (AddParameter): Name = "ComponentHeight"; Value = "0mm"; VariantName = "[No Variations]"
Change component parameters (AddParameter): Name = "Component Type"; Value = "Standard (No BOM)"; VariantName = "[No Variations]"
Change component parameters (AddParameter): Name = "CreateDate"; Value = "10/10/2011"; VariantName = "[No Variations]"
Change component parameters (AddParameter): Name = "Family"; Value = "Plated Hole"; VariantName = "[No Variations]"
Change component parameters (AddParameter): Name = "HelpURL"; Value = "Undefined"; VariantName = "[No Variations]"
Change component parameters (AddParameter): Name = "LatestRevisionDate"; Value = "10/10/2011"; VariantName = "[No Variations]"
Change component parameters (AddParameter): Name = "Mounted"; Value = "No"; VariantName = "[No Variations]"
Change component parameters (AddParameter): Name = "PackageDescription"; Value = "Plated Through Hole: Hole Dia.=2.4mm Pad Dia.=4.0mm"; VariantName = "[No Variations]"
Change component parameters (AddParameter): Name = "Part Description"; Value = "Plated Through Hole: Hole Dia.=2.4mm Pad Dia.=4.0mm"; VariantName = "[No Variations]"
Change component parameters (AddParameter): Name = "Part Number"; Value = "PLATED_HOLE2.4_PAD4.0"; VariantName = "[No Variations]"
Change component parameters (AddParameter): Name = "Pin Count"; Value = "1"; VariantName = "[No Variations]"
Change component parameters (AddParameter): Name = "Sense"; Value = "No"; VariantName = "[No Variations]"
Change component parameters (AddParameter): Name = "SMD"; Value = "No"; VariantName = "[No Variations]"
Change component parameters (AddParameter): Name = "Socket"; Value = "No"; VariantName = "[No Variations]"
Change component parameters (AddParameter): Name = "Status"; Value = "None"; VariantName = "[No Variations]"
Change component parameters: Designator = "B3"; Footprint = "MTG240_400"; UniqueID = "\WDLJHOHX"
Change component parameters. Clean all parameters for all variants
Change component parameters (AddParameter): Name = "Author"; Value = "CERN DEM JMW"; VariantName = "[No Variations]"
Change component parameters (AddParameter): Name = "ComponentHeight"; Value = "0mm"; VariantName = "[No Variations]"
Change component parameters (AddParameter): Name = "Component Type"; Value = "Standard (No BOM)"; VariantName = "[No Variations]"
Change component parameters (AddParameter): Name = "CreateDate"; Value = "10/10/2011"; VariantName = "[No Variations]"
Change component parameters (AddParameter): Name = "Family"; Value = "Plated Hole"; VariantName = "[No Variations]"
Change component parameters (AddParameter): Name = "HelpURL"; Value = "Undefined"; VariantName = "[No Variations]"
Change component parameters (AddParameter): Name = "LatestRevisionDate"; Value = "10/10/2011"; VariantName = "[No Variations]"
Change component parameters (AddParameter): Name = "Mounted"; Value = "No"; VariantName = "[No Variations]"
Change component parameters (AddParameter): Name = "PackageDescription"; Value = "Plated Through Hole: Hole Dia.=2.4mm Pad Dia.=4.0mm"; VariantName = "[No Variations]"
Change component parameters (AddParameter): Name = "Part Description"; Value = "Plated Through Hole: Hole Dia.=2.4mm Pad Dia.=4.0mm"; VariantName = "[No Variations]"
Change component parameters (AddParameter): Name = "Part Number"; Value = "PLATED_HOLE2.4_PAD4.0"; VariantName = "[No Variations]"
Change component parameters (AddParameter): Name = "Pin Count"; Value = "1"; VariantName = "[No Variations]"
Change component parameters (AddParameter): Name = "Sense"; Value = "No"; VariantName = "[No Variations]"
Change component parameters (AddParameter): Name = "SMD"; Value = "No"; VariantName = "[No Variations]"
Change component parameters (AddParameter): Name = "Socket"; Value = "No"; VariantName = "[No Variations]"
Change component parameters (AddParameter): Name = "Status"; Value = "None"; VariantName = "[No Variations]"
Change component parameters: Designator = "B4"; Footprint = "MTG240_400"; UniqueID = "\NQVKFGIG"
Change component parameters. Clean all parameters for all variants
Change component parameters (AddParameter): Name = "Author"; Value = "CERN DEM JMW"; VariantName = "[No Variations]"
Change component parameters (AddParameter): Name = "ComponentHeight"; Value = "0mm"; VariantName = "[No Variations]"
Change component parameters (AddParameter): Name = "Component Type"; Value = "Standard (No BOM)"; VariantName = "[No Variations]"
Change component parameters (AddParameter): Name = "CreateDate"; Value = "10/10/2011"; VariantName = "[No Variations]"
Change component parameters (AddParameter): Name = "Family"; Value = "Plated Hole"; VariantName = "[No Variations]"
Change component parameters (AddParameter): Name = "HelpURL"; Value = "Undefined"; VariantName = "[No Variations]"
Change component parameters (AddParameter): Name = "LatestRevisionDate"; Value = "10/10/2011"; VariantName = "[No Variations]"
Change component parameters (AddParameter): Name = "Mounted"; Value = "No"; VariantName = "[No Variations]"
Change component parameters (AddParameter): Name = "PackageDescription"; Value = "Plated Through Hole: Hole Dia.=2.4mm Pad Dia.=4.0mm"; VariantName = "[No Variations]"
Change component parameters (AddParameter): Name = "Part Description"; Value = "Plated Through Hole: Hole Dia.=2.4mm Pad Dia.=4.0mm"; VariantName = "[No Variations]"
Change component parameters (AddParameter): Name = "Part Number"; Value = "PLATED_HOLE2.4_PAD4.0"; VariantName = "[No Variations]"
Change component parameters (AddParameter): Name = "Pin Count"; Value = "1"; VariantName = "[No Variations]"
Change component parameters (AddParameter): Name = "Sense"; Value = "No"; VariantName = "[No Variations]"
Change component parameters (AddParameter): Name = "SMD"; Value = "No"; VariantName = "[No Variations]"
Change component parameters (AddParameter): Name = "Socket"; Value = "No"; VariantName = "[No Variations]"
Change component parameters (AddParameter): Name = "Status"; Value = "None"; VariantName = "[No Variations]"
