Change Component Footprint: Designator=B1 Old Footprint=MTG320 New Footprint=MTG320_550
Change Component Footprint: Designator=B2 Old Footprint=MTG320 New Footprint=MTG320_550
Change Component Footprint: Designator=B3 Old Footprint=MTG320 New Footprint=MTG320_550
Change Component Footprint: Designator=B4 Old Footprint=MTG320 New Footprint=MTG320_550
Change Component Comment : Designator=B1 Old Comment=Non Plated Hole New Comment=Plated Hole
Change Component Comment : Designator=B2 Old Comment=Non Plated Hole New Comment=Plated Hole
Change Component Comment : Designator=B3 Old Comment=Non Plated Hole New Comment=Plated Hole
Change Component Comment : Designator=B4 Old Comment=Non Plated Hole New Comment=Plated Hole
Change component parameters: Designator = "B1"; Footprint = "MTG320_550"; UniqueID = "\IFLLGYTW"
Change component parameters. Clean all parameters for all variants
Change component parameters (AddParameter): Name = "Author"; Value = "CERN DEM JMW"; VariantName = "[No Variations]"
Change component parameters (AddParameter): Name = "ComponentHeight"; Value = "0mm"; VariantName = "[No Variations]"
Change component parameters (AddParameter): Name = "Component Type"; Value = "Standard (No BOM)"; VariantName = "[No Variations]"
Change component parameters (AddParameter): Name = "CreateDate"; Value = "01/10/2012"; VariantName = "[No Variations]"
Change component parameters (AddParameter): Name = "Family"; Value = "Plated Hole"; VariantName = "[No Variations]"
Change component parameters (AddParameter): Name = "HelpURL"; Value = "Undefined"; VariantName = "[No Variations]"
Change component parameters (AddParameter): Name = "LatestRevisionDate"; Value = "01/10/2012"; VariantName = "[No Variations]"
Change component parameters (AddParameter): Name = "Mounted"; Value = "No"; VariantName = "[No Variations]"
Change component parameters (AddParameter): Name = "PackageDescription"; Value = "Plated Through Hole: Hole Dia.=3.2mm Pad Dia.=5.5mm"; VariantName = "[No Variations]"
Change component parameters (AddParameter): Name = "Part Description"; Value = "Plated Through Hole: Hole Dia.=3.2mm Pad Dia.=5.5mm"; VariantName = "[No Variations]"
Change component parameters (AddParameter): Name = "Part Number"; Value = "PLATED_HOLE3.2_PAD5.5"; VariantName = "[No Variations]"
Change component parameters (AddParameter): Name = "Pin Count"; Value = "1"; VariantName = "[No Variations]"
Change component parameters (AddParameter): Name = "Sense"; Value = "No"; VariantName = "[No Variations]"
Change component parameters (AddParameter): Name = "SMD"; Value = "No"; VariantName = "[No Variations]"
Change component parameters (AddParameter): Name = "Socket"; Value = "No"; VariantName = "[No Variations]"
Change component parameters (AddParameter): Name = "Status"; Value = "None"; VariantName = "[No Variations]"
Change component parameters: Designator = "B2"; Footprint = "MTG320_550"; UniqueID = "\WDHOODOS"
Change component parameters. Clean all parameters for all variants
Change component parameters (AddParameter): Name = "Author"; Value = "CERN DEM JMW"; VariantName = "[No Variations]"
Change component parameters (AddParameter): Name = "ComponentHeight"; Value = "0mm"; VariantName = "[No Variations]"
Change component parameters (AddParameter): Name = "Component Type"; Value = "Standard (No BOM)"; VariantName = "[No Variations]"
Change component parameters (AddParameter): Name = "CreateDate"; Value = "01/10/2012"; VariantName = "[No Variations]"
Change component parameters (AddParameter): Name = "Family"; Value = "Plated Hole"; VariantName = "[No Variations]"
Change component parameters (AddParameter): Name = "HelpURL"; Value = "Undefined"; VariantName = "[No Variations]"
Change component parameters (AddParameter): Name = "LatestRevisionDate"; Value = "01/10/2012"; VariantName = "[No Variations]"
Change component parameters (AddParameter): Name = "Mounted"; Value = "No"; VariantName = "[No Variations]"
Change component parameters (AddParameter): Name = "PackageDescription"; Value = "Plated Through Hole: Hole Dia.=3.2mm Pad Dia.=5.5mm"; VariantName = "[No Variations]"
Change component parameters (AddParameter): Name = "Part Description"; Value = "Plated Through Hole: Hole Dia.=3.2mm Pad Dia.=5.5mm"; VariantName = "[No Variations]"
Change component parameters (AddParameter): Name = "Part Number"; Value = "PLATED_HOLE3.2_PAD5.5"; VariantName = "[No Variations]"
Change component parameters (AddParameter): Name = "Pin Count"; Value = "1"; VariantName = "[No Variations]"
Change component parameters (AddParameter): Name = "Sense"; Value = "No"; VariantName = "[No Variations]"
Change component parameters (AddParameter): Name = "SMD"; Value = "No"; VariantName = "[No Variations]"
Change component parameters (AddParameter): Name = "Socket"; Value = "No"; VariantName = "[No Variations]"
Change component parameters (AddParameter): Name = "Status"; Value = "None"; VariantName = "[No Variations]"
Change component parameters: Designator = "B3"; Footprint = "MTG320_550"; UniqueID = "\BUPNMRQD"
Change component parameters. Clean all parameters for all variants
Change component parameters (AddParameter): Name = "Author"; Value = "CERN DEM JMW"; VariantName = "[No Variations]"
Change component parameters (AddParameter): Name = "ComponentHeight"; Value = "0mm"; VariantName = "[No Variations]"
Change component parameters (AddParameter): Name = "Component Type"; Value = "Standard (No BOM)"; VariantName = "[No Variations]"
Change component parameters (AddParameter): Name = "CreateDate"; Value = "01/10/2012"; VariantName = "[No Variations]"
Change component parameters (AddParameter): Name = "Family"; Value = "Plated Hole"; VariantName = "[No Variations]"
Change component parameters (AddParameter): Name = "HelpURL"; Value = "Undefined"; VariantName = "[No Variations]"
Change component parameters (AddParameter): Name = "LatestRevisionDate"; Value = "01/10/2012"; VariantName = "[No Variations]"
Change component parameters (AddParameter): Name = "Mounted"; Value = "No"; VariantName = "[No Variations]"
Change component parameters (AddParameter): Name = "PackageDescription"; Value = "Plated Through Hole: Hole Dia.=3.2mm Pad Dia.=5.5mm"; VariantName = "[No Variations]"
Change component parameters (AddParameter): Name = "Part Description"; Value = "Plated Through Hole: Hole Dia.=3.2mm Pad Dia.=5.5mm"; VariantName = "[No Variations]"
Change component parameters (AddParameter): Name = "Part Number"; Value = "PLATED_HOLE3.2_PAD5.5"; VariantName = "[No Variations]"
Change component parameters (AddParameter): Name = "Pin Count"; Value = "1"; VariantName = "[No Variations]"
Change component parameters (AddParameter): Name = "Sense"; Value = "No"; VariantName = "[No Variations]"
Change component parameters (AddParameter): Name = "SMD"; Value = "No"; VariantName = "[No Variations]"
Change component parameters (AddParameter): Name = "Socket"; Value = "No"; VariantName = "[No Variations]"
Change component parameters (AddParameter): Name = "Status"; Value = "None"; VariantName = "[No Variations]"
Change component parameters: Designator = "B4"; Footprint = "MTG320_550"; UniqueID = "\GSRBAYTH"
Change component parameters. Clean all parameters for all variants
Change component parameters (AddParameter): Name = "Author"; Value = "CERN DEM JMW"; VariantName = "[No Variations]"
Change component parameters (AddParameter): Name = "ComponentHeight"; Value = "0mm"; VariantName = "[No Variations]"
Change component parameters (AddParameter): Name = "Component Type"; Value = "Standard (No BOM)"; VariantName = "[No Variations]"
Change component parameters (AddParameter): Name = "CreateDate"; Value = "01/10/2012"; VariantName = "[No Variations]"
Change component parameters (AddParameter): Name = "Family"; Value = "Plated Hole"; VariantName = "[No Variations]"
Change component parameters (AddParameter): Name = "HelpURL"; Value = "Undefined"; VariantName = "[No Variations]"
Change component parameters (AddParameter): Name = "LatestRevisionDate"; Value = "01/10/2012"; VariantName = "[No Variations]"
Change component parameters (AddParameter): Name = "Mounted"; Value = "No"; VariantName = "[No Variations]"
Change component parameters (AddParameter): Name = "PackageDescription"; Value = "Plated Through Hole: Hole Dia.=3.2mm Pad Dia.=5.5mm"; VariantName = "[No Variations]"
Change component parameters (AddParameter): Name = "Part Description"; Value = "Plated Through Hole: Hole Dia.=3.2mm Pad Dia.=5.5mm"; VariantName = "[No Variations]"
Change component parameters (AddParameter): Name = "Part Number"; Value = "PLATED_HOLE3.2_PAD5.5"; VariantName = "[No Variations]"
Change component parameters (AddParameter): Name = "Pin Count"; Value = "1"; VariantName = "[No Variations]"
Change component parameters (AddParameter): Name = "Sense"; Value = "No"; VariantName = "[No Variations]"
Change component parameters (AddParameter): Name = "SMD"; Value = "No"; VariantName = "[No Variations]"
Change component parameters (AddParameter): Name = "Socket"; Value = "No"; VariantName = "[No Variations]"
Change component parameters (AddParameter): Name = "Status"; Value = "None"; VariantName = "[No Variations]"
